mtest> mtreset 590

mtest> mtnew 3

mtest> mtp
=========================================
=              Memory Manager           =
=========================================
* Block size            : 592 Bytes
* Number of blocks      : 1
* Free mem in last block: 328
* Recycle list          : 

=========================================
=             class MemTest             =
=========================================
Object list ---
ooo
Array list ---


mtest> mtdel -r 3

mtest> mtp
=========================================
=              Memory Manager           =
=========================================
* Block size            : 592 Bytes
* Number of blocks      : 1
* Free mem in last block: 328
* Recycle list          : 
[  0] = 2         
=========================================
=             class MemTest             =
=========================================
Object list ---
xxo
Array list ---


mtest> mtnew 5 -a 3

mtest> mtp
=========================================
=              Memory Manager           =
=========================================
* Block size            : 592 Bytes
* Number of blocks      : 3
* Free mem in last block: 64
* Recycle list          : 
[  0] = 2         
=========================================
=             class MemTest             =
=========================================
Object list ---
xxo
Array list ---
ooooo

mtest> mtdel -r 2 -a

mtest> mtp
=========================================
=              Memory Manager           =
=========================================
* Block size            : 592 Bytes
* Number of blocks      : 3
* Free mem in last block: 64
* Recycle list          : 
[  0] = 2         [  3] = 2         
=========================================
=             class MemTest             =
=========================================
Object list ---
xxo
Array list ---
xxooo

mtest> mtnew -a 2 3

mtest> mtp
=========================================
=              Memory Manager           =
=========================================
* Block size            : 592 Bytes
* Number of blocks      : 4
* Free mem in last block: 64
* Recycle list          : 
[  0] = 2         [  3] = 2         
=========================================
=             class MemTest             =
=========================================
Object list ---
xxo
Array list ---
xxoooooo

mtest> mtnew -a 5 3

mtest> mtp
=========================================
=              Memory Manager           =
=========================================
* Block size            : 592 Bytes
* Number of blocks      : 7
* Free mem in last block: 160
* Recycle list          : 
[  0] = 2         [  1] = 2         [  3] = 2         
=========================================
=             class MemTest             =
=========================================
Object list ---
xxo
Array list ---
xxooooooooo

mtest> mtnew -a 7 2
Requested memory (600) is greater than block size(592). Exception raised...

mtest> mtp
=========================================
=              Memory Manager           =
=========================================
* Block size            : 592 Bytes
* Number of blocks      : 7
* Free mem in last block: 160
* Recycle list          : 
[  0] = 2         [  1] = 2         [  3] = 2         
=========================================
=             class MemTest             =
=========================================
Object list ---
xxo
Array list ---
xxooooooooo

mtest> mtdel -r 8 -a

mtest> mtp
=========================================
=              Memory Manager           =
=========================================
* Block size            : 592 Bytes
* Number of blocks      : 7
* Free mem in last block: 160
* Recycle list          : 
[  0] = 2         [  1] = 2         [  2] = 3         [  3] = 3         
[  5] = 2         
=========================================
=             class MemTest             =
=========================================
Object list ---
xxo
Array list ---
xxoxoxxxoxx

mtest> mtdel -r 9 -a

mtest> mtp
=========================================
=              Memory Manager           =
=========================================
* Block size            : 592 Bytes
* Number of blocks      : 7
* Free mem in last block: 160
* Recycle list          : 
[  0] = 2         [  1] = 2         [  2] = 3         [  3] = 4         
[  5] = 3         
=========================================
=             class MemTest             =
=========================================
Object list ---
xxo
Array list ---
xxxxoxxxxxx

mtest> mtdel -i 8 -a

mtest> mtp
=========================================
=              Memory Manager           =
=========================================
* Block size            : 592 Bytes
* Number of blocks      : 7
* Free mem in last block: 160
* Recycle list          : 
[  0] = 2         [  1] = 2         [  2] = 3         [  3] = 4         
[  5] = 3         
=========================================
=             class MemTest             =
=========================================
Object list ---
xxo
Array list ---
xxxxoxxxxxx

mtest> mtdel -i 12 -a
Size of array list (11) is <= 12!!
Error: Illegal option!! (12)

mtest> mtp
=========================================
=              Memory Manager           =
=========================================
* Block size            : 592 Bytes
* Number of blocks      : 7
* Free mem in last block: 160
* Recycle list          : 
[  0] = 2         [  1] = 2         [  2] = 3         [  3] = 4         
[  5] = 3         
=========================================
=             class MemTest             =
=========================================
Object list ---
xxo
Array list ---
xxxxoxxxxxx

mtest> q -f

